{
  "RSpec": {
    "coverage": {
      "/Users/devbook/Projects/Week4/Bookmark_manager/spec/bookmark_class_spec.rb": {
        "lines": [
          1,
          null,
          1,
          null,
          1,
          1,
          1,
          1,
          0,
          0,
          null,
          null,
          null,
          null
        ]
      },
      "/Users/devbook/Projects/Week4/Bookmark_manager/spec/features/bookmarks_spec.rb": {
        "lines": [
          1,
          null,
          1,
          1,
          1,
          1,
          0,
          0,
          null,
          null
        ]
      },
      "/Users/devbook/Projects/Week4/Bookmark_manager/spec/features/index_spec.rb": {
        "lines": [
          1,
          null,
          1,
          1,
          1,
          1,
          null,
          null,
          null
        ]
      }
    },
    "timestamp": 1591196240
  }
}
